<?xml version="1.0" encoding="UTF-8"?>
<!-- Generated by org.testng.reporters.JUnitXMLReporter -->
<testsuite hostname="DESK-2030" name="MDLD_Locality_City_Country" tests="1" failures="1" timestamp="24 Feb 2017 08:15:58 GMT" time="216.453" errors="0">
  <testcase name="lcfposting" time="215.962" classname="lcf_Faces.MDLD_Locality_City_Country">
    <failure type="java.lang.AssertionError" message="null">
      <![CDATA[java.lang.AssertionError: null
	at lcf_Faces.MDLD_Locality_City_Country.lcfposting(MDLD_Locality_City_Country.java:214)
... Removed 26 stack frames]]>
    </failure>
  </testcase> <!-- lcfposting -->
</testsuite> <!-- MDLD_Locality_City_Country -->
