<?xml version="1.0" encoding="UTF-8"?>
<!-- Generated by org.testng.reporters.JUnitXMLReporter -->
<testsuite hostname="DESK-2030" name="Mobile_R1_VDL_Profile" tests="3" failures="0" timestamp="31 Aug 2017 07:16:46 GMT" time="0.006" errors="0">
  <testcase name="@BeforeTest before" time="0.0" classname="lcmobile_regression.Mobile_R1_VDL_Profile">
    <failure type="java.lang.NullPointerException">
      <![CDATA[java.lang.NullPointerException
	at lcmobile_regression.Mobile_R1_VDL_Profile.before(Mobile_R1_VDL_Profile.java:36)
... Removed 22 stack frames]]>
    </failure>
  </testcase> <!-- @BeforeTest before -->
  <testcase name="@AfterTest after" time="0.0" classname="lcmobile_regression.Mobile_R1_VDL_Profile">
    <skipped/>
  </testcase> <!-- @AfterTest after -->
  <testcase name="TC001_Profile_Getquote" time="0.001" classname="lcmobile_regression.Mobile_R1_VDL_Profile">
    <skipped/>
  </testcase> <!-- TC001_Profile_Getquote -->
  <testcase name="TC002_SaveToPhone" time="0.001" classname="lcmobile_regression.Mobile_R1_VDL_Profile">
    <skipped/>
  </testcase> <!-- TC002_SaveToPhone -->
  <testcase name="TC003_VerifySymbol" time="0.0" classname="lcmobile_regression.Mobile_R1_VDL_Profile">
    <skipped/>
  </testcase> <!-- TC003_VerifySymbol -->
</testsuite> <!-- Mobile_R1_VDL_Profile -->
