<?xml version="1.0" encoding="UTF-8"?>
<!-- Generated by org.testng.reporters.JUnitXMLReporter -->
<testsuite hostname="DESK-2030" name="Mobile_R2_VDL_ListingPage" tests="11" failures="0" timestamp="31 Aug 2017 07:16:45 GMT" time="0.046" errors="0">
  <testcase name="@BeforeMethod openURL" time="0.0" classname="lcmobile_regression.Mobile_R2_VDL_ListingPage">
    <failure type="java.lang.NullPointerException">
      <![CDATA[java.lang.NullPointerException
	at lcmobile_regression.Mobile_R2_VDL_ListingPage.openURL(Mobile_R2_VDL_ListingPage.java:33)
... Removed 26 stack frames]]>
    </failure>
  </testcase> <!-- @BeforeMethod openURL -->
  <testcase name="@AfterMethod aft" time="0.0" classname="lcmobile_regression.Mobile_R2_VDL_ListingPage">
    <skipped/>
  </testcase> <!-- @AfterMethod aft -->
  <testcase name="@BeforeMethod openURL" time="0.0" classname="lcmobile_regression.Mobile_R2_VDL_ListingPage">
    <skipped/>
  </testcase> <!-- @BeforeMethod openURL -->
  <testcase name="@AfterMethod aft" time="0.0" classname="lcmobile_regression.Mobile_R2_VDL_ListingPage">
    <skipped/>
  </testcase> <!-- @AfterMethod aft -->
  <testcase name="@BeforeMethod openURL" time="0.0" classname="lcmobile_regression.Mobile_R2_VDL_ListingPage">
    <skipped/>
  </testcase> <!-- @BeforeMethod openURL -->
  <testcase name="@AfterMethod aft" time="0.0" classname="lcmobile_regression.Mobile_R2_VDL_ListingPage">
    <skipped/>
  </testcase> <!-- @AfterMethod aft -->
  <testcase name="@BeforeMethod openURL" time="0.0" classname="lcmobile_regression.Mobile_R2_VDL_ListingPage">
    <skipped/>
  </testcase> <!-- @BeforeMethod openURL -->
  <testcase name="@AfterMethod aft" time="0.0" classname="lcmobile_regression.Mobile_R2_VDL_ListingPage">
    <skipped/>
  </testcase> <!-- @AfterMethod aft -->
  <testcase name="@BeforeMethod openURL" time="0.0" classname="lcmobile_regression.Mobile_R2_VDL_ListingPage">
    <skipped/>
  </testcase> <!-- @BeforeMethod openURL -->
  <testcase name="@AfterMethod aft" time="0.0" classname="lcmobile_regression.Mobile_R2_VDL_ListingPage">
    <skipped/>
  </testcase> <!-- @AfterMethod aft -->
  <testcase name="@BeforeMethod openURL" time="0.0" classname="lcmobile_regression.Mobile_R2_VDL_ListingPage">
    <skipped/>
  </testcase> <!-- @BeforeMethod openURL -->
  <testcase name="@AfterMethod aft" time="0.0" classname="lcmobile_regression.Mobile_R2_VDL_ListingPage">
    <skipped/>
  </testcase> <!-- @AfterMethod aft -->
  <testcase name="@BeforeMethod openURL" time="0.0" classname="lcmobile_regression.Mobile_R2_VDL_ListingPage">
    <skipped/>
  </testcase> <!-- @BeforeMethod openURL -->
  <testcase name="@AfterMethod aft" time="0.0" classname="lcmobile_regression.Mobile_R2_VDL_ListingPage">
    <skipped/>
  </testcase> <!-- @AfterMethod aft -->
  <testcase name="@BeforeMethod openURL" time="0.0" classname="lcmobile_regression.Mobile_R2_VDL_ListingPage">
    <skipped/>
  </testcase> <!-- @BeforeMethod openURL -->
  <testcase name="@AfterMethod aft" time="0.0" classname="lcmobile_regression.Mobile_R2_VDL_ListingPage">
    <skipped/>
  </testcase> <!-- @AfterMethod aft -->
  <testcase name="@BeforeMethod openURL" time="0.0" classname="lcmobile_regression.Mobile_R2_VDL_ListingPage">
    <skipped/>
  </testcase> <!-- @BeforeMethod openURL -->
  <testcase name="@AfterMethod aft" time="0.0" classname="lcmobile_regression.Mobile_R2_VDL_ListingPage">
    <skipped/>
  </testcase> <!-- @AfterMethod aft -->
  <testcase name="@BeforeMethod openURL" time="0.0" classname="lcmobile_regression.Mobile_R2_VDL_ListingPage">
    <skipped/>
  </testcase> <!-- @BeforeMethod openURL -->
  <testcase name="@AfterMethod aft" time="0.0" classname="lcmobile_regression.Mobile_R2_VDL_ListingPage">
    <skipped/>
  </testcase> <!-- @AfterMethod aft -->
  <testcase name="@BeforeMethod openURL" time="0.0" classname="lcmobile_regression.Mobile_R2_VDL_ListingPage">
    <skipped/>
  </testcase> <!-- @BeforeMethod openURL -->
  <testcase name="@AfterMethod aft" time="0.0" classname="lcmobile_regression.Mobile_R2_VDL_ListingPage">
    <skipped/>
  </testcase> <!-- @AfterMethod aft -->
  <testcase name="Mobile_VDL_Listing_Morelink_Photolink_Nextpage_Listcard" time="0.001" classname="lcmobile_regression.Mobile_R2_VDL_ListingPage">
    <skipped/>
  </testcase> <!-- Mobile_VDL_Listing_Morelink_Photolink_Nextpage_Listcard -->
  <testcase name="Mobile_VDL_Listing_Shortlist" time="0.0" classname="lcmobile_regression.Mobile_R2_VDL_ListingPage">
    <skipped/>
  </testcase> <!-- Mobile_VDL_Listing_Shortlist -->
  <testcase name="Mobile_VDL_Listing_Listcard_TCApply_" time="0.001" classname="lcmobile_regression.Mobile_R2_VDL_ListingPage">
    <skipped/>
  </testcase> <!-- Mobile_VDL_Listing_Listcard_TCApply_ -->
  <testcase name="Mobile_VDL_Listing_WhyFillthisForm_Navigations" time="0.001" classname="lcmobile_regression.Mobile_R2_VDL_ListingPage">
    <skipped/>
  </testcase> <!-- Mobile_VDL_Listing_WhyFillthisForm_Navigations -->
  <testcase name="Mobile_VDL_Listing_ProfileLink" time="0.001" classname="lcmobile_regression.Mobile_R2_VDL_ListingPage">
    <skipped/>
  </testcase> <!-- Mobile_VDL_Listing_ProfileLink -->
  <testcase name="Mobile_VDL_Listing_PaidBadge" time="0.0" classname="lcmobile_regression.Mobile_R2_VDL_ListingPage">
    <skipped/>
  </testcase> <!-- Mobile_VDL_Listing_PaidBadge -->
  <testcase name="Mobile_VDL_Listing_BrandFilter_ResetFilter" time="0.001" classname="lcmobile_regression.Mobile_R2_VDL_ListingPage">
    <skipped/>
  </testcase> <!-- Mobile_VDL_Listing_BrandFilter_ResetFilter -->
  <testcase name="Mobile_VDL_Listing_Tollfreeimage" time="0.001" classname="lcmobile_regression.Mobile_R2_VDL_ListingPage">
    <skipped/>
  </testcase> <!-- Mobile_VDL_Listing_Tollfreeimage -->
  <testcase name="Mobile_VDL_Listing_ChatwithUsimage" time="0.001" classname="lcmobile_regression.Mobile_R2_VDL_ListingPage">
    <skipped/>
  </testcase> <!-- Mobile_VDL_Listing_ChatwithUsimage -->
  <testcase name="Mobile_VDL_Listing_Category_Grandparentpage" time="0.001" classname="lcmobile_regression.Mobile_R2_VDL_ListingPage">
    <skipped/>
  </testcase> <!-- Mobile_VDL_Listing_Category_Grandparentpage -->
  <testcase name="Mobile_VDL_Listing_Citylink_Allcitypage" time="0.001" classname="lcmobile_regression.Mobile_R2_VDL_ListingPage">
    <skipped/>
  </testcase> <!-- Mobile_VDL_Listing_Citylink_Allcitypage -->
</testsuite> <!-- Mobile_R2_VDL_ListingPage -->
