<?xml version="1.0" encoding="UTF-8"?>
<!-- Generated by org.testng.reporters.JUnitXMLReporter -->
<testsuite hostname="AIO-2107" name="Mobile_VDL_Listing_Regression1" tests="8" failures="0" timestamp="2 Mar 2017 09:32:50 GMT" time="214.078" errors="0">
  <testcase name="TC001_Filterby" time="49.772" classname="lcmobile_regression.Mobile_VDL_Listing_Regression1"/>
  <testcase name="TC002_SortOption" time="48.482" classname="lcmobile_regression.Mobile_VDL_Listing_Regression1"/>
  <testcase name="TC003_Listing_SavetoPhone" time="26.28" classname="lcmobile_regression.Mobile_VDL_Listing_Regression1"/>
  <testcase name="TC004_Getquote" time="14.54" classname="lcmobile_regression.Mobile_VDL_Listing_Regression1"/>
  <testcase name="TC005_ListingProfile_ScoreMatch" time="17.776" classname="lcmobile_regression.Mobile_VDL_Listing_Regression1"/>
  <testcase name="TC006_ListingProfile_Review" time="13.848" classname="lcmobile_regression.Mobile_VDL_Listing_Regression1"/>
  <testcase name="TC007_ListingVerifiedMark" time="8.023" classname="lcmobile_regression.Mobile_VDL_Listing_Regression1"/>
  <testcase name="Mobile_VDL_Listing_Callaction" time="24.176" classname="lcmobile_regression.Mobile_VDL_Listing_Regression1"/>
</testsuite> <!-- Mobile_VDL_Listing_Regression1 -->
