<?xml version="1.0" encoding="UTF-8"?>
<!-- Generated by org.testng.reporters.JUnitXMLReporter -->
<testsuite hostname="AIO-2107" name="Mobile_VDL_Listing_Regression2" tests="11" failures="1" timestamp="2 Mar 2017 09:42:48 GMT" time="598.066" errors="0">
  <testcase name="Mobile_VDL_Listing_Morelink_Photolink_Nextpage_Listcard" time="58.077" classname="lcmobile_regression.Mobile_VDL_Listing_Regression2"/>
  <testcase name="Mobile_VDL_Listing_Shortlist" time="141.532" classname="lcmobile_regression.Mobile_VDL_Listing_Regression2"/>
  <testcase name="Mobile_VDL_Listing_Listcard_TCApply_" time="28.589" classname="lcmobile_regression.Mobile_VDL_Listing_Regression2"/>
  <testcase name="Mobile_VDL_Listing_WhyFillthisForm_Navigations" time="14.883" classname="lcmobile_regression.Mobile_VDL_Listing_Regression2"/>
  <testcase name="Mobile_VDL_Listing_ProfileLink" time="17.962" classname="lcmobile_regression.Mobile_VDL_Listing_Regression2"/>
  <testcase name="Mobile_VDL_Listing_PaidBadge" time="14.812" classname="lcmobile_regression.Mobile_VDL_Listing_Regression2"/>
  <testcase name="Mobile_VDL_Listing_BrandFilter_ResetFilter" time="74.047" classname="lcmobile_regression.Mobile_VDL_Listing_Regression2"/>
  <testcase name="Mobile_VDL_Listing_Tollfreeimage" time="17.277" classname="lcmobile_regression.Mobile_VDL_Listing_Regression2"/>
  <testcase name="Mobile_VDL_Listing_ChatwithUsimage" time="23.802" classname="lcmobile_regression.Mobile_VDL_Listing_Regression2"/>
  <testcase name="Mobile_VDL_Listing_Category_Grandparentpage" time="38.325" classname="lcmobile_regression.Mobile_VDL_Listing_Regression2"/>
  <testcase name="Mobile_VDL_Listing_Citylink_Allcitypage" time="21.149" classname="lcmobile_regression.Mobile_VDL_Listing_Regression2">
    <failure type="java.lang.AssertionError">
      <![CDATA[java.lang.AssertionError
	at org.junit.Assert.fail(Assert.java:86)
	at org.junit.Assert.fail(Assert.java:95)
	at lcmobile_regression.Mobile_VDL_Listing_Regression2.Mobile_VDL_Listing_Citylink_Allcitypage(Mobile_VDL_Listing_Regression2.java:446)
... Removed 24 stack frames]]>
    </failure>
  </testcase> <!-- Mobile_VDL_Listing_Citylink_Allcitypage -->
</testsuite> <!-- Mobile_VDL_Listing_Regression2 -->
