<?xml version="1.0" encoding="UTF-8"?>
<!-- Generated by org.testng.reporters.JUnitXMLReporter -->
<testsuite hostname="DESK-2030" name="Mobile_R1_VDL_ListingPage" tests="1" failures="0" timestamp="31 Aug 2017 07:16:45 GMT" time="0.077" errors="0">
  <testcase name="@BeforeTest before" time="0.0" classname="lcmobile_regression.Mobile_R1_VDL_ListingPage">
    <failure type="java.lang.NullPointerException">
      <![CDATA[java.lang.NullPointerException
	at lcmobile_regression.Mobile_R1_VDL_ListingPage.before(Mobile_R1_VDL_ListingPage.java:36)
... Removed 22 stack frames]]>
    </failure>
  </testcase> <!-- @BeforeTest before -->
  <testcase name="@AfterTest afterclas" time="0.0" classname="lcmobile_regression.Mobile_R1_VDL_ListingPage">
    <skipped/>
  </testcase> <!-- @AfterTest afterclas -->
  <testcase name="TC003_Listing_SavetoPhone" time="0.002" classname="lcmobile_regression.Mobile_R1_VDL_ListingPage">
    <skipped/>
  </testcase> <!-- TC003_Listing_SavetoPhone -->
</testsuite> <!-- Mobile_R1_VDL_ListingPage -->
