<?xml version="1.0" encoding="UTF-8"?>
<!-- Generated by org.testng.reporters.JUnitXMLReporter -->
<testsuite hostname="AIO-2107" name="Mobile_VDL_Profile_Regression2" tests="11" failures="2" timestamp="2 Mar 2017 09:48:24 GMT" time="282.394" errors="0">
  <testcase name="Mobile_VDL_Profile_Regression2_CallIcon" time="13.102" classname="lcmobile_regression.Mobile_VDL_Profile_Regression2">
    <failure type="java.lang.AssertionError" message="null">
      <![CDATA[java.lang.AssertionError: null
	at lcmobile_regression.Mobile_VDL_Profile_Regression2.Mobile_VDL_Profile_Regression2_CallIcon(Mobile_VDL_Profile_Regression2.java:52)
... Removed 26 stack frames]]>
    </failure>
  </testcase> <!-- Mobile_VDL_Profile_Regression2_CallIcon -->
  <testcase name="Mobile_VDL_Profile_Regression2_ScoreLink" time="17.473" classname="lcmobile_regression.Mobile_VDL_Profile_Regression2"/>
  <testcase name="Mobile_VDL_Profile_Regression2_ReviewTab" time="12.483" classname="lcmobile_regression.Mobile_VDL_Profile_Regression2"/>
  <testcase name="Mobile_VDL_Profile_Regression2_Listcard_TCApply" time="16.913" classname="lcmobile_regression.Mobile_VDL_Profile_Regression2"/>
  <testcase name="Mobile_VDL_Profile_Regression2_ServicesMore" time="9.172" classname="lcmobile_regression.Mobile_VDL_Profile_Regression2"/>
  <testcase name="Mobile_VDL_Profile_Regression2_ReviewHelpfulBtn" time="23.73" classname="lcmobile_regression.Mobile_VDL_Profile_Regression2"/>
  <testcase name="Mobile_VDL_Profile_Regression2_ViewMoreReviews" time="27.626" classname="lcmobile_regression.Mobile_VDL_Profile_Regression2"/>
  <testcase name="Mobile_VDL_Listing_Tollfreeimage" time="8.651" classname="lcmobile_regression.Mobile_VDL_Profile_Regression2">
    <failure type="java.lang.AssertionError" message="null">
      <![CDATA[java.lang.AssertionError: null
	at lcmobile_regression.Mobile_VDL_Profile_Regression2.Mobile_VDL_Listing_Tollfreeimage(Mobile_VDL_Profile_Regression2.java:257)
... Removed 26 stack frames]]>
    </failure>
  </testcase> <!-- Mobile_VDL_Listing_Tollfreeimage -->
  <testcase name="Mobile_VDL_Profile_Regression2_BVNIcon" time="15.226" classname="lcmobile_regression.Mobile_VDL_Profile_Regression2"/>
  <testcase name="Mobile_VDL_Profile_Regression2_SulAppBanner" time="16.66" classname="lcmobile_regression.Mobile_VDL_Profile_Regression2"/>
  <testcase name="Mobile_VDL_Profile_Regression2_OwnThisListing" time="18.893" classname="lcmobile_regression.Mobile_VDL_Profile_Regression2"/>
</testsuite> <!-- Mobile_VDL_Profile_Regression2 -->
