<?xml version="1.0" encoding="UTF-8"?>
<!-- Generated by org.testng.reporters.JUnitXMLReporter -->
<testsuite hostname="DESK-2030" name="Mobile_R2_VDL_Profile" tests="11" failures="0" timestamp="31 Aug 2017 07:16:46 GMT" time="0.048" errors="0">
  <testcase name="@BeforeMethod before" time="0.0" classname="lcmobile_regression.Mobile_R2_VDL_Profile">
    <failure type="java.lang.NullPointerException">
      <![CDATA[java.lang.NullPointerException
	at lcmobile_regression.Mobile_R2_VDL_Profile.before(Mobile_R2_VDL_Profile.java:30)
... Removed 26 stack frames]]>
    </failure>
  </testcase> <!-- @BeforeMethod before -->
  <testcase name="@AfterMethod aft" time="0.0" classname="lcmobile_regression.Mobile_R2_VDL_Profile">
    <skipped/>
  </testcase> <!-- @AfterMethod aft -->
  <testcase name="@BeforeMethod before" time="0.0" classname="lcmobile_regression.Mobile_R2_VDL_Profile">
    <skipped/>
  </testcase> <!-- @BeforeMethod before -->
  <testcase name="@AfterMethod aft" time="0.0" classname="lcmobile_regression.Mobile_R2_VDL_Profile">
    <skipped/>
  </testcase> <!-- @AfterMethod aft -->
  <testcase name="@BeforeMethod before" time="0.0" classname="lcmobile_regression.Mobile_R2_VDL_Profile">
    <skipped/>
  </testcase> <!-- @BeforeMethod before -->
  <testcase name="@AfterMethod aft" time="0.0" classname="lcmobile_regression.Mobile_R2_VDL_Profile">
    <skipped/>
  </testcase> <!-- @AfterMethod aft -->
  <testcase name="@BeforeMethod before" time="0.0" classname="lcmobile_regression.Mobile_R2_VDL_Profile">
    <skipped/>
  </testcase> <!-- @BeforeMethod before -->
  <testcase name="@AfterMethod aft" time="0.0" classname="lcmobile_regression.Mobile_R2_VDL_Profile">
    <skipped/>
  </testcase> <!-- @AfterMethod aft -->
  <testcase name="@BeforeMethod before" time="0.0" classname="lcmobile_regression.Mobile_R2_VDL_Profile">
    <skipped/>
  </testcase> <!-- @BeforeMethod before -->
  <testcase name="@AfterMethod aft" time="0.0" classname="lcmobile_regression.Mobile_R2_VDL_Profile">
    <skipped/>
  </testcase> <!-- @AfterMethod aft -->
  <testcase name="@BeforeMethod before" time="0.0" classname="lcmobile_regression.Mobile_R2_VDL_Profile">
    <skipped/>
  </testcase> <!-- @BeforeMethod before -->
  <testcase name="@AfterMethod aft" time="0.0" classname="lcmobile_regression.Mobile_R2_VDL_Profile">
    <skipped/>
  </testcase> <!-- @AfterMethod aft -->
  <testcase name="@BeforeMethod before" time="0.0" classname="lcmobile_regression.Mobile_R2_VDL_Profile">
    <skipped/>
  </testcase> <!-- @BeforeMethod before -->
  <testcase name="@AfterMethod aft" time="0.0" classname="lcmobile_regression.Mobile_R2_VDL_Profile">
    <skipped/>
  </testcase> <!-- @AfterMethod aft -->
  <testcase name="@BeforeMethod before" time="0.0" classname="lcmobile_regression.Mobile_R2_VDL_Profile">
    <skipped/>
  </testcase> <!-- @BeforeMethod before -->
  <testcase name="@AfterMethod aft" time="0.0" classname="lcmobile_regression.Mobile_R2_VDL_Profile">
    <skipped/>
  </testcase> <!-- @AfterMethod aft -->
  <testcase name="@BeforeMethod before" time="0.0" classname="lcmobile_regression.Mobile_R2_VDL_Profile">
    <skipped/>
  </testcase> <!-- @BeforeMethod before -->
  <testcase name="@AfterMethod aft" time="0.0" classname="lcmobile_regression.Mobile_R2_VDL_Profile">
    <skipped/>
  </testcase> <!-- @AfterMethod aft -->
  <testcase name="@BeforeMethod before" time="0.0" classname="lcmobile_regression.Mobile_R2_VDL_Profile">
    <skipped/>
  </testcase> <!-- @BeforeMethod before -->
  <testcase name="@AfterMethod aft" time="0.0" classname="lcmobile_regression.Mobile_R2_VDL_Profile">
    <skipped/>
  </testcase> <!-- @AfterMethod aft -->
  <testcase name="@BeforeMethod before" time="0.0" classname="lcmobile_regression.Mobile_R2_VDL_Profile">
    <skipped/>
  </testcase> <!-- @BeforeMethod before -->
  <testcase name="@AfterMethod aft" time="0.0" classname="lcmobile_regression.Mobile_R2_VDL_Profile">
    <skipped/>
  </testcase> <!-- @AfterMethod aft -->
  <testcase name="Mobile_VDL_Profile_Regression2_CallIcon" time="0.003" classname="lcmobile_regression.Mobile_R2_VDL_Profile">
    <skipped/>
  </testcase> <!-- Mobile_VDL_Profile_Regression2_CallIcon -->
  <testcase name="Mobile_VDL_Profile_Regression2_ScoreLink" time="0.001" classname="lcmobile_regression.Mobile_R2_VDL_Profile">
    <skipped/>
  </testcase> <!-- Mobile_VDL_Profile_Regression2_ScoreLink -->
  <testcase name="Mobile_VDL_Profile_Regression2_ReviewTab" time="0.001" classname="lcmobile_regression.Mobile_R2_VDL_Profile">
    <skipped/>
  </testcase> <!-- Mobile_VDL_Profile_Regression2_ReviewTab -->
  <testcase name="Mobile_VDL_Profile_Regression2_Listcard_TCApply" time="0.001" classname="lcmobile_regression.Mobile_R2_VDL_Profile">
    <skipped/>
  </testcase> <!-- Mobile_VDL_Profile_Regression2_Listcard_TCApply -->
  <testcase name="Mobile_VDL_Profile_Regression2_ServicesMore" time="0.001" classname="lcmobile_regression.Mobile_R2_VDL_Profile">
    <skipped/>
  </testcase> <!-- Mobile_VDL_Profile_Regression2_ServicesMore -->
  <testcase name="Mobile_VDL_Profile_Regression2_ReviewHelpfulBtn" time="0.0" classname="lcmobile_regression.Mobile_R2_VDL_Profile">
    <skipped/>
  </testcase> <!-- Mobile_VDL_Profile_Regression2_ReviewHelpfulBtn -->
  <testcase name="Mobile_VDL_Profile_Regression2_ViewMoreReviews" time="0.001" classname="lcmobile_regression.Mobile_R2_VDL_Profile">
    <skipped/>
  </testcase> <!-- Mobile_VDL_Profile_Regression2_ViewMoreReviews -->
  <testcase name="Mobile_VDL_Profile__Tollfreeimage" time="0.004" classname="lcmobile_regression.Mobile_R2_VDL_Profile">
    <skipped/>
  </testcase> <!-- Mobile_VDL_Profile__Tollfreeimage -->
  <testcase name="Mobile_VDL_Profile_Regression2_BVNIcon" time="0.001" classname="lcmobile_regression.Mobile_R2_VDL_Profile">
    <skipped/>
  </testcase> <!-- Mobile_VDL_Profile_Regression2_BVNIcon -->
  <testcase name="Mobile_VDL_Profile_Regression2_SulAppBanner" time="0.001" classname="lcmobile_regression.Mobile_R2_VDL_Profile">
    <skipped/>
  </testcase> <!-- Mobile_VDL_Profile_Regression2_SulAppBanner -->
  <testcase name="Mobile_VDL_Profile_Regression2_OwnThisListing" time="0.003" classname="lcmobile_regression.Mobile_R2_VDL_Profile">
    <skipped/>
  </testcase> <!-- Mobile_VDL_Profile_Regression2_OwnThisListing -->
</testsuite> <!-- Mobile_R2_VDL_Profile -->
