<?xml version="1.0" encoding="UTF-8"?>
<!-- Generated by org.testng.reporters.JUnitXMLReporter -->
<testsuite hostname="AIO-2107" name="Mobile_CheckAttributes_MDLDForm" tests="3" failures="0" timestamp="2 Mar 2017 10:16:19 GMT" time="145.453" errors="0">
  <testcase name="Mobile_CheckAttributes_MDLDForm_Attribute1" time="32.944" classname="lcf_Faces.Mobile_CheckAttributes_MDLDForm"/>
  <testcase name="CheckAttributes_MDLDForm_Attribute2" time="43.845" classname="lcf_Faces.Mobile_CheckAttributes_MDLDForm"/>
  <testcase name="CheckAttributes_MDLDForm_Attribute3" time="63.528" classname="lcf_Faces.Mobile_CheckAttributes_MDLDForm"/>
</testsuite> <!-- Mobile_CheckAttributes_MDLDForm -->
