<?xml version="1.0" encoding="UTF-8"?>
<!-- Generated by org.testng.reporters.JUnitXMLReporter -->
<testsuite hostname="AIO-2107" name="Mobile_VDL_Profile_Regression1" tests="3" failures="0" timestamp="2 Mar 2017 09:43:42 GMT" time="54.08" errors="0">
  <testcase name="TC001_Profile_Getquote" time="10.306" classname="lcmobile_regression.Mobile_VDL_Profile_Regression1"/>
  <testcase name="TC002_SaveToPhone" time="25.834" classname="lcmobile_regression.Mobile_VDL_Profile_Regression1"/>
  <testcase name="TC003_VerifySymbol" time="8.763" classname="lcmobile_regression.Mobile_VDL_Profile_Regression1"/>
</testsuite> <!-- Mobile_VDL_Profile_Regression1 -->
