<?xml version="1.0" encoding="UTF-8"?>
<!-- Generated by org.testng.reporters.JUnitXMLReporter -->
<testsuite hostname="AIO-2107" name="SDLD_With_Locality" tests="1" failures="1" timestamp="2 Mar 2017 10:09:10 GMT" time="52.787" errors="0">
  <testcase name="lcfposting" time="51.061" classname="lcf_Faces.SDLD_With_Locality">
    <failure type="java.lang.AssertionError" message="null">
      <![CDATA[java.lang.AssertionError: null
	at lcf_Faces.SDLD_With_Locality.lcfposting(SDLD_With_Locality.java:119)
... Removed 26 stack frames]]>
    </failure>
  </testcase> <!-- lcfposting -->
</testsuite> <!-- SDLD_With_Locality -->
